[22:47:23] [main/INFO]: username: Viserizm
[22:47:23] [main/INFO]: Extra: [--tweakClass, com.spicy.mixin.Tweaker]
[22:47:23] [main/INFO]: Running with arguments: [--userProperties, {}, --assetsDir, C:/Users/Furkan/.gradle/caches/minecraft/assets, --assetIndex, 1.8, --accessToken{REDACTED}, --version, 1.8.9, --username, Viserizm, --tweakClass, com.spicy.mixin.Tweaker]
[22:47:23] [main/INFO]: Loading tweak class name com.spicy.mixin.Tweaker
[22:47:23] [main/INFO]: Using primary tweak class name com.spicy.mixin.Tweaker
[22:47:23] [main/INFO]: Calling tweak class com.spicy.mixin.Tweaker
[22:47:23] [main/INFO]: SpongePowered MIXIN Subsystem Version=0.6.10 Source=file:/C:/Users/Furkan/.gradle/caches/modules-2/files-2.1/org.spongepowered/mixin/0.6.10-SNAPSHOT/75fdc102c7bbae373668561c11509634a8153244/mixin-0.6.10-SNAPSHOT.jar Env=UNKNOWN
[22:47:23] [main/INFO]: Compatibility level set to JAVA_8
[22:47:23] [main/INFO]: Loading tweak class name org.spongepowered.asm.mixin.MixinEnvironment$EnvironmentStateTweaker
[22:47:23] [main/INFO]: Calling tweak class org.spongepowered.asm.mixin.MixinEnvironment$EnvironmentStateTweaker
[22:47:23] [main/INFO]: Launching wrapped minecraft {net.minecraft.client.main.Main}
[22:47:23] [main/INFO]: Mixing MixinMinecraft from mixins.spicy.json into net.minecraft.client.Minecraft
[22:47:23] [main/INFO]: Mixing MixinEntityPlayer from mixins.spicy.json into net.minecraft.entity.player.EntityPlayer
[22:47:23] [main/INFO]: Mixing MixinEntityLivingBase from mixins.spicy.json into net.minecraft.entity.EntityLivingBase
[22:47:23] [main/INFO]: Mixing MixinEntityPlayerSP from mixins.spicy.json into net.minecraft.client.entity.EntityPlayerSP
[22:47:23] [main/INFO]: Mixing MixinMovementInputFromOptions from mixins.spicy.json into net.minecraft.util.MovementInputFromOptions
[22:47:24] [Client thread/INFO]: Setting user: Viserizm
[22:47:24] [Client thread/INFO]: (Session ID is token:FML:Viserizm)
[22:47:26] [Client thread/INFO]: [OptiFine] *** Reflector Forge ***
[22:47:26] [Client thread/INFO]: Mixing MixinEntityRenderer from mixins.spicy.json into net.minecraft.client.renderer.EntityRenderer
[22:47:26] [Client thread/INFO]: Mixing MixinRendererLivingEntity from mixins.spicy.json into net.minecraft.client.renderer.entity.RendererLivingEntity
[22:47:26] [Client thread/INFO]: [OptiFine] *** Reflector Vanilla ***
[22:47:26] [Client thread/INFO]: [OptiFine] (Reflector) Class not present: net.minecraftforge.fml.common.eventhandler.Event$Result
[22:47:26] [Client thread/INFO]: LWJGL Version: 2.9.4
[22:47:26] [Client thread/INFO]: [OptiFine] 
[22:47:26] [Client thread/INFO]: [OptiFine] OptiFine_1.8.9_HD_U_M5
[22:47:26] [Client thread/INFO]: [OptiFine] Build: null
[22:47:26] [Client thread/INFO]: [OptiFine] OS: Windows 10 (amd64) version 10.0
[22:47:26] [Client thread/INFO]: [OptiFine] Java: 1.8.0_322, Amazon.com Inc.
[22:47:26] [Client thread/INFO]: [OptiFine] VM: OpenJDK 64-Bit Server VM (mixed mode), Amazon.com Inc.
[22:47:26] [Client thread/INFO]: [OptiFine] LWJGL: 2.9.4
[22:47:26] [Client thread/INFO]: [OptiFine] OpenGL: Radeon RX 570 Series, version 4.6.14761 Compatibility Profile Context 21.10.2 30.0.13025.5005, ATI Technologies Inc.
[22:47:26] [Client thread/INFO]: [OptiFine] OpenGL Version: 4.6.14761
[22:47:26] [Client thread/INFO]: [OptiFine] OpenGL Fancy fog: Not available (GL_NV_fog_distance)
[22:47:26] [Client thread/INFO]: [OptiFine] Maximum texture size: 16384x16384
[22:47:26] [VersionCheck/INFO]: [OptiFine] Checking for new version
[22:47:27] [Client thread/INFO]: [Shaders] OpenGL Version: 4.6.14761 Compatibility Profile Context 21.10.2 30.0.13025.5005
[22:47:27] [Client thread/INFO]: [Shaders] Vendor:  ATI Technologies Inc.
[22:47:27] [Client thread/INFO]: [Shaders] Renderer: Radeon RX 570 Series
[22:47:27] [Client thread/INFO]: [Shaders] Capabilities:  2.0  2.1  3.0  3.2  4.0 
[22:47:27] [Client thread/INFO]: [Shaders] GL_MAX_DRAW_BUFFERS: 8
[22:47:27] [Client thread/INFO]: [Shaders] GL_MAX_COLOR_ATTACHMENTS_EXT: 8
[22:47:27] [Client thread/INFO]: [Shaders] GL_MAX_TEXTURE_IMAGE_UNITS: 32
[22:47:27] [Client thread/INFO]: [Shaders] Load shaders configuration.
[22:47:27] [Client thread/INFO]: [Shaders] Loaded shaderpack: (internal)
[22:47:27] [Client thread/INFO]: [OptiFine] (Reflector) Class not present: net.minecraftforge.fml.common.Loader
[22:47:27] [Client thread/INFO]: [OptiFine] (Reflector) Class not present: net.minecraftforge.client.model.Attributes
[22:47:27] [Client thread/INFO]: [OptiFine] (Reflector) Class not present: net.minecraftforge.client.model.pipeline.LightUtil
[22:47:27] [Client thread/INFO]: [OptiFine] (Reflector) Class not present: net.minecraftforge.fml.client.SplashProgress
[22:47:27] [Client thread/INFO]: Reloading ResourceManager: Default
[22:47:27] [Client thread/INFO]: [OptiFine] (Reflector) Class not present: optifine.OptiFineClassTransformer
[22:47:27] [Client thread/INFO]: [OptiFine] *** Reloading textures ***
[22:47:27] [Client thread/INFO]: Mixing MixinItemRenderer from mixins.spicy.json into net.minecraft.client.renderer.ItemRenderer
[22:47:27] [Client thread/INFO]: Mixing MixinGuiIngame from mixins.spicy.json into net.minecraft.client.gui.GuiIngame
[22:47:27] [Client thread/INFO]: Mixing MixinNetworkManager from mixins.spicy.json into net.minecraft.network.NetworkManager
[22:47:27] [Client thread/INFO]: [OptiFine] Resource packs: Default
[22:47:27] [Client thread/INFO]: Mixing MixinAxisAlignedBB from mixins.spicy.json into net.minecraft.util.AxisAlignedBB
[22:47:27] [Client thread/INFO]: [OptiFine] (Reflector) Method not present: net.minecraft.client.renderer.vertex.VertexFormatElement$EnumUsage.preDraw
[22:47:27] [Client thread/INFO]: [OptiFine] (Reflector) Method not present: net.minecraft.client.renderer.vertex.VertexFormatElement$EnumUsage.postDraw
[22:47:27] [Sound Library Loader/INFO]: Starting up SoundSystem...
[22:47:27] [VersionCheck/INFO]: [OptiFine] Version found: M5
[22:47:27] [Thread-7/INFO]: Initializing LWJGL OpenAL
[22:47:27] [Thread-7/INFO]: (The LWJGL binding of OpenAL.  For more information, see http://www.lwjgl.org)
[22:47:27] [Thread-7/INFO]: OpenAL initialized.
[22:47:27] [Sound Library Loader/INFO]: Sound engine started
[22:47:28] [Client thread/INFO]: [OptiFine] (Reflector) Class not present: net.minecraftforge.client.ForgeHooksClient
[22:47:28] [Client thread/INFO]: [OptiFine] Mipmap levels: 4
[22:47:28] [Client thread/INFO]: [OptiFine] Multitexture: false
[22:47:28] [Client thread/INFO]: [OptiFine] ConnectedTextures: mcpatcher/ctm/default/0_glass_white/glass_pane_white.properties
[22:47:28] [Client thread/INFO]: [OptiFine] ConnectedTextures: mcpatcher/ctm/default/0_glass_white/glass_white.properties
[22:47:28] [Client thread/INFO]: [OptiFine] ConnectedTextures: mcpatcher/ctm/default/10_glass_purple/glass_pane_purple.properties
[22:47:28] [Client thread/INFO]: [OptiFine] ConnectedTextures: mcpatcher/ctm/default/10_glass_purple/glass_purple.properties
[22:47:28] [Client thread/INFO]: [OptiFine] ConnectedTextures: mcpatcher/ctm/default/11_glass_blue/glass_blue.properties
[22:47:28] [Client thread/INFO]: [OptiFine] ConnectedTextures: mcpatcher/ctm/default/11_glass_blue/glass_pane_blue.properties
[22:47:28] [Client thread/INFO]: [OptiFine] ConnectedTextures: mcpatcher/ctm/default/12_glass_brown/glass_brown.properties
[22:47:28] [Client thread/INFO]: [OptiFine] ConnectedTextures: mcpatcher/ctm/default/12_glass_brown/glass_pane_brown.properties
[22:47:28] [Client thread/INFO]: [OptiFine] ConnectedTextures: mcpatcher/ctm/default/13_glass_green/glass_green.properties
[22:47:28] [Client thread/INFO]: [OptiFine] ConnectedTextures: mcpatcher/ctm/default/13_glass_green/glass_pane_green.properties
[22:47:28] [Client thread/INFO]: [OptiFine] ConnectedTextures: mcpatcher/ctm/default/14_glass_red/glass_pane_red.properties
[22:47:28] [Client thread/INFO]: [OptiFine] ConnectedTextures: mcpatcher/ctm/default/14_glass_red/glass_red.properties
[22:47:28] [Client thread/INFO]: [OptiFine] ConnectedTextures: mcpatcher/ctm/default/15_glass_black/glass_black.properties
[22:47:28] [Client thread/INFO]: [OptiFine] ConnectedTextures: mcpatcher/ctm/default/15_glass_black/glass_pane_black.properties
[22:47:28] [Client thread/INFO]: [OptiFine] ConnectedTextures: mcpatcher/ctm/default/1_glass_orange/glass_orange.properties
[22:47:28] [Client thread/INFO]: [OptiFine] ConnectedTextures: mcpatcher/ctm/default/1_glass_orange/glass_pane_orange.properties
[22:47:28] [Client thread/INFO]: [OptiFine] ConnectedTextures: mcpatcher/ctm/default/2_glass_magenta/glass_magenta.properties
[22:47:28] [Client thread/INFO]: [OptiFine] ConnectedTextures: mcpatcher/ctm/default/2_glass_magenta/glass_pane_magenta.properties
[22:47:28] [Client thread/INFO]: [OptiFine] ConnectedTextures: mcpatcher/ctm/default/3_glass_light_blue/glass_light_blue.properties
[22:47:28] [Client thread/INFO]: [OptiFine] ConnectedTextures: mcpatcher/ctm/default/3_glass_light_blue/glass_pane_light_blue.properties
[22:47:28] [Client thread/INFO]: [OptiFine] ConnectedTextures: mcpatcher/ctm/default/4_glass_yellow/glass_pane_yellow.properties
[22:47:28] [Client thread/INFO]: [OptiFine] ConnectedTextures: mcpatcher/ctm/default/4_glass_yellow/glass_yellow.properties
[22:47:28] [Client thread/INFO]: [OptiFine] ConnectedTextures: mcpatcher/ctm/default/5_glass_lime/glass_lime.properties
[22:47:28] [Client thread/INFO]: [OptiFine] ConnectedTextures: mcpatcher/ctm/default/5_glass_lime/glass_pane_lime.properties
[22:47:28] [Client thread/INFO]: [OptiFine] ConnectedTextures: mcpatcher/ctm/default/6_glass_pink/glass_pane_pink.properties
[22:47:28] [Client thread/INFO]: [OptiFine] ConnectedTextures: mcpatcher/ctm/default/6_glass_pink/glass_pink.properties
[22:47:28] [Client thread/INFO]: [OptiFine] ConnectedTextures: mcpatcher/ctm/default/7_glass_gray/glass_gray.properties
[22:47:28] [Client thread/INFO]: [OptiFine] ConnectedTextures: mcpatcher/ctm/default/7_glass_gray/glass_pane_gray.properties
[22:47:28] [Client thread/INFO]: [OptiFine] ConnectedTextures: mcpatcher/ctm/default/8_glass_silver/glass_pane_silver.properties
[22:47:28] [Client thread/INFO]: [OptiFine] ConnectedTextures: mcpatcher/ctm/default/8_glass_silver/glass_silver.properties
[22:47:28] [Client thread/INFO]: [OptiFine] ConnectedTextures: mcpatcher/ctm/default/9_glass_cyan/glass_cyan.properties
[22:47:28] [Client thread/INFO]: [OptiFine] ConnectedTextures: mcpatcher/ctm/default/9_glass_cyan/glass_pane_cyan.properties
[22:47:28] [Client thread/INFO]: [OptiFine] ConnectedTextures: mcpatcher/ctm/default/bookshelf.properties
[22:47:28] [Client thread/INFO]: [OptiFine] ConnectedTextures: mcpatcher/ctm/default/glass.properties
[22:47:28] [Client thread/INFO]: [OptiFine] ConnectedTextures: mcpatcher/ctm/default/glasspane.properties
[22:47:28] [Client thread/INFO]: [OptiFine] ConnectedTextures: mcpatcher/ctm/default/sandstone.properties
[22:47:28] [Client thread/INFO]: [OptiFine] Multipass connected textures: false
[22:47:29] [Client thread/INFO]: Created: 1024x512 textures-atlas
[22:47:29] [Client thread/INFO]: [Shaders] allocateTextureMap 4 1024 512 
[22:47:30] [Client thread/INFO]: [OptiFine] Animated sprites: 11
[22:47:30] [Client thread/INFO]: [OptiFine] (Reflector) Class not present: net.minecraftforge.client.model.ModelLoader
[22:47:30] [Client thread/INFO]: [OptiFine] (Reflector) Class not present: net.minecraftforge.client.ItemModelMesherForge
[22:47:30] [Client thread/INFO]: [OptiFine] (Reflector) Class not present: net.minecraftforge.fml.client.registry.RenderingRegistry
[22:47:30] [Client thread/INFO]: Mixing MixinShaderGroup from mixins.spicy.json into net.minecraft.client.shader.ShaderGroup
[22:47:30] [Client thread/INFO]: [OptiFine] (Reflector) Class not present: net.minecraftforge.common.ForgeModContainer
[22:47:32] [Client thread/INFO]: Mixing MixinGuiNewChat from mixins.spicy.json into net.minecraft.client.gui.GuiNewChat
[22:47:40] [Client thread/INFO]: [OptiFine] (Reflector) Class not present: net.minecraftforge.fml.client.GuiModList
[22:47:40] [Client thread/INFO]: [OptiFine] (Reflector) Class not present: mods.betterfoliage.client.BetterFoliageClient
[22:47:40] [Client thread/INFO]: [OptiFine] (Reflector) Class not present: net.minecraftforge.fml.common.asm.transformers.BlamingTransformer
[22:47:40] [Client thread/INFO]: [OptiFine] (Reflector) Class not present: net.minecraftforge.event.world.ChunkWatchEvent$UnWatch
[22:47:40] [Client thread/INFO]: [OptiFine] (Reflector) Class not present: net.minecraftforge.fml.relauncher.CoreModManager
[22:47:40] [Client thread/INFO]: [OptiFine] (Reflector) Class not present: net.minecraftforge.common.DimensionManager
[22:47:40] [Client thread/INFO]: [OptiFine] (Reflector) Class not present: net.minecraftforge.client.event.GuiScreenEvent$DrawScreenEvent$Pre
[22:47:40] [Client thread/INFO]: [OptiFine] (Reflector) Class not present: net.minecraftforge.client.event.GuiScreenEvent$DrawScreenEvent$Post
[22:47:40] [Client thread/INFO]: [OptiFine] (Reflector) Class not present: net.minecraftforge.client.event.EntityViewRenderEvent$CameraSetup
[22:47:40] [Client thread/INFO]: [OptiFine] (Reflector) Class not present: net.minecraftforge.client.event.EntityViewRenderEvent$FogColors
[22:47:40] [Client thread/INFO]: [OptiFine] (Reflector) Class not present: net.minecraftforge.fml.common.eventhandler.Event
[22:47:40] [Client thread/INFO]: [OptiFine] (Reflector) Class not present: net.minecraftforge.fml.common.eventhandler.EventBus
[22:47:40] [Client thread/INFO]: [OptiFine] (Reflector) Class not present: net.minecraftforge.common.property.ExtendedBlockState
[22:47:40] [Client thread/INFO]: [OptiFine] (Reflector) Class not present: net.minecraftforge.fml.client.FMLClientHandler
[22:47:40] [Client thread/INFO]: [OptiFine] (Reflector) Class not present: net.minecraftforge.fml.common.FMLCommonHandler
[22:47:40] [Client thread/INFO]: [OptiFine] (Reflector) Method not present: net.minecraft.world.biome.BiomeGenBase.getWaterColorMultiplier
[22:47:40] [Client thread/INFO]: [OptiFine] (Reflector) Method not present: net.minecraft.block.Block.addDestroyEffects
[22:47:40] [Client thread/INFO]: [OptiFine] (Reflector) Method not present: net.minecraft.block.Block.addHitEffects
[22:47:40] [Client thread/INFO]: [OptiFine] (Reflector) Method not present: net.minecraft.block.Block.canCreatureSpawn
[22:47:40] [Client thread/INFO]: [OptiFine] (Reflector) Method not present: net.minecraft.block.Block.canRenderInLayer
[22:47:40] [Client thread/INFO]: [OptiFine] (Reflector) Method not present: net.minecraft.block.Block.doesSideBlockRendering
[22:47:40] [Client thread/INFO]: [OptiFine] (Reflector) Method not present: net.minecraft.block.Block.getBedDirection
[22:47:40] [Client thread/INFO]: [OptiFine] (Reflector) Method not present: net.minecraft.block.Block.getExtendedState
[22:47:40] [Client thread/INFO]: [OptiFine] (Reflector) Method not present: net.minecraft.block.Block.getLightOpacity
[22:47:40] [Client thread/INFO]: [OptiFine] (Reflector) Method not present: net.minecraft.block.Block.getLightValue
[22:47:40] [Client thread/INFO]: [OptiFine] (Reflector) Method not present: net.minecraft.block.Block.hasTileEntity
[22:47:40] [Client thread/INFO]: [OptiFine] (Reflector) Method not present: net.minecraft.block.Block.isAir
[22:47:40] [Client thread/INFO]: [OptiFine] (Reflector) Method not present: net.minecraft.block.Block.isBed
[22:47:40] [Client thread/INFO]: [OptiFine] (Reflector) Method not present: net.minecraft.block.Block.isBedFoot
[22:47:40] [Client thread/INFO]: [OptiFine] (Reflector) Method not present: net.minecraft.block.Block.isSideSolid
[22:47:40] [Client thread/INFO]: [OptiFine] (Reflector) Method not present: net.minecraft.world.ChunkCache.isSideSolid
[22:47:40] [Client thread/INFO]: [OptiFine] (Reflector) Method not present: net.minecraft.entity.Entity.canRiderInteract
[22:47:40] [Client thread/INFO]: [OptiFine] (Reflector) Field not present: net.minecraft.entity.Entity.captureDrops
[22:47:40] [Client thread/INFO]: [OptiFine] (Reflector) Field not present: net.minecraft.entity.Entity.capturedDrops
[22:47:40] [Client thread/INFO]: [OptiFine] (Reflector) Method not present: net.minecraft.entity.Entity.shouldRenderInPass
[22:47:40] [Client thread/INFO]: [OptiFine] (Reflector) Method not present: net.minecraft.entity.Entity.shouldRiderSit
[22:47:40] [Client thread/INFO]: [OptiFine] (Reflector) Class not present: net.minecraftforge.event.ForgeEventFactory
[22:47:40] [Client thread/INFO]: [OptiFine] (Reflector) Class not present: net.minecraftforge.common.ForgeHooks
[22:47:40] [Client thread/INFO]: [OptiFine] (Reflector) Field not present: net.minecraft.item.Item.delegate
[22:47:40] [Client thread/INFO]: [OptiFine] (Reflector) Method not present: net.minecraft.item.Item.getDurabilityForDisplay
[22:47:40] [Client thread/INFO]: [OptiFine] (Reflector) Method not present: net.minecraft.item.Item.getModel
[22:47:40] [Client thread/INFO]: [OptiFine] (Reflector) Method not present: net.minecraft.item.Item.onEntitySwing
[22:47:40] [Client thread/INFO]: [OptiFine] (Reflector) Method not present: net.minecraft.item.Item.shouldCauseReequipAnimation
[22:47:40] [Client thread/INFO]: [OptiFine] (Reflector) Method not present: net.minecraft.item.Item.showDurabilityBar
[22:47:40] [Client thread/INFO]: [OptiFine] (Reflector) Method not present: net.minecraft.potion.PotionEffect.isCurativeItem
[22:47:40] [Client thread/INFO]: [OptiFine] (Reflector) Method not present: net.minecraft.tileentity.TileEntity.canRenderBreaking
[22:47:40] [Client thread/INFO]: [OptiFine] (Reflector) Method not present: net.minecraft.tileentity.TileEntity.getRenderBoundingBox
[22:47:40] [Client thread/INFO]: [OptiFine] (Reflector) Method not present: net.minecraft.tileentity.TileEntity.hasFastRenderer
[22:47:40] [Client thread/INFO]: [OptiFine] (Reflector) Method not present: net.minecraft.tileentity.TileEntity.shouldRenderInPass
[22:47:40] [Client thread/INFO]: [OptiFine] (Reflector) Method not present: net.minecraft.world.World.countEntities
[22:47:40] [Client thread/INFO]: [OptiFine] (Reflector) Method not present: net.minecraft.world.World.getPerWorldStorage
[22:47:40] [Client thread/INFO]: [OptiFine] (Reflector) Method not present: net.minecraft.world.WorldProvider.getCloudRenderer
[22:47:40] [Client thread/INFO]: [OptiFine] (Reflector) Method not present: net.minecraft.world.WorldProvider.getSkyRenderer
[22:47:40] [Client thread/INFO]: [OptiFine] (Reflector) Method not present: net.minecraft.world.WorldProvider.getWeatherRenderer
[22:47:40] [Client thread/INFO]: [OptiFine] (Reflector) Method not present: net.minecraft.world.WorldProvider.getSaveFolder
[22:47:40] [Client thread/INFO]: [OptiFine] (Reflector) Class not present: net.minecraftforge.client.model.IColoredBakedQuad
[22:47:40] [Client thread/INFO]: [OptiFine] (Reflector) Class not present: net.minecraftforge.common.property.IExtendedBlockState
[22:47:40] [Client thread/INFO]: [OptiFine] (Reflector) Class not present: net.minecraftforge.client.model.IModel
[22:47:40] [Client thread/INFO]: [OptiFine] (Reflector) Class not present: net.minecraftforge.client.IRenderHandler
[22:47:40] [Client thread/INFO]: [OptiFine] (Reflector) Class not present: net.minecraftforge.common.MinecraftForge
[22:47:40] [Client thread/INFO]: [OptiFine] (Reflector) Class not present: net.minecraftforge.client.MinecraftForgeClient
[22:47:40] [Client thread/INFO]: [OptiFine] (Reflector) Class not present: net.minecraftforge.fml.common.ModContainer
[22:47:40] [Client thread/INFO]: [OptiFine] (Reflector) Class not present: net.minecraftforge.client.model.ModelLoader$VanillaLoader
[22:47:40] [Client thread/INFO]: [OptiFine] (Reflector) Class not present: net.minecraftforge.client.event.RenderBlockOverlayEvent$OverlayType
[22:47:40] [Client thread/INFO]: [OptiFine] (Reflector) Class not present: net.minecraftforge.client.event.RenderItemInFrameEvent
[22:47:40] [Client thread/INFO]: [OptiFine] (Reflector) Class not present: net.minecraftforge.client.event.RenderLivingEvent$Pre
[22:47:40] [Client thread/INFO]: [OptiFine] (Reflector) Class not present: net.minecraftforge.client.event.RenderLivingEvent$Post
[22:47:40] [Client thread/INFO]: [OptiFine] (Reflector) Class not present: net.minecraftforge.client.event.RenderLivingEvent$Specials$Pre
[22:47:40] [Client thread/INFO]: [OptiFine] (Reflector) Class not present: net.minecraftforge.client.event.RenderLivingEvent$Specials$Post
[22:47:40] [Client thread/INFO]: [OptiFine] (Reflector) Class not present: net.minecraftforge.event.world.WorldEvent$Load
[22:47:40] [Client thread/INFO]: [OptiFine] *** Reloading custom textures ***
[22:47:40] [Client thread/INFO]: [OptiFine] Natural Textures: Parsing default configuration "optifine/natural.properties"
[22:47:40] [Client thread/INFO]: [OptiFine] Natural Textures: Valid only for textures from default resource pack
[22:47:40] [Client thread/INFO]: [OptiFine] NaturalTextures: grass_side = F
[22:47:40] [Client thread/INFO]: [OptiFine] NaturalTextures: grass_side_overlay = F
[22:47:40] [Client thread/INFO]: [OptiFine] NaturalTextures: grass_side_snowed = F
[22:47:40] [Client thread/INFO]: [OptiFine] NaturalTextures: mycelium_side = F
[22:47:40] [Client thread/INFO]: [OptiFine] NaturalTextures: mycelium_top = 4F
[22:47:40] [Client thread/INFO]: [OptiFine] NaturalTextures: snow = 4F
[22:47:40] [Client thread/INFO]: [OptiFine] NaturalTextures: coarse_dirt = 4F
[22:47:40] [Client thread/INFO]: [OptiFine] NaturalTextures: dirt_podzol_top = 4F
[22:47:40] [Client thread/INFO]: [OptiFine] NaturalTextures: farmland_wet = 2F
[22:47:40] [Client thread/INFO]: [OptiFine] NaturalTextures: farmland_dry = 2F
[22:47:40] [Client thread/INFO]: [OptiFine] NaturalTextures: stone_granite = 2F
[22:47:40] [Client thread/INFO]: [OptiFine] NaturalTextures: stone_diorite = 2F
[22:47:40] [Client thread/INFO]: [OptiFine] NaturalTextures: stone_andesite = 2F
[22:47:40] [Client thread/INFO]: [OptiFine] NaturalTextures: sandstone_top = 4
[22:47:40] [Client thread/INFO]: [OptiFine] NaturalTextures: sandstone_bottom = 4F
[22:47:40] [Client thread/INFO]: [OptiFine] NaturalTextures: stone_slab_top = F
[22:47:40] [Client thread/INFO]: [OptiFine] NaturalTextures: end_stone = 4
[22:47:40] [Client thread/INFO]: [OptiFine] NaturalTextures: gravel = 2
[22:47:40] [Client thread/INFO]: [OptiFine] NaturalTextures: clay = 4F
[22:47:40] [Client thread/INFO]: [OptiFine] NaturalTextures: log_oak = 2F
[22:47:40] [Client thread/INFO]: [OptiFine] NaturalTextures: log_spruce = 2F
[22:47:40] [Client thread/INFO]: [OptiFine] NaturalTextures: log_birch = F
[22:47:40] [Client thread/INFO]: [OptiFine] NaturalTextures: log_jungle = 2F
[22:47:40] [Client thread/INFO]: [OptiFine] NaturalTextures: log_acacia = 2F
[22:47:40] [Client thread/INFO]: [OptiFine] NaturalTextures: log_big_oak = 2F
[22:47:40] [Client thread/INFO]: [OptiFine] NaturalTextures: log_oak_top = 4F
[22:47:40] [Client thread/INFO]: [OptiFine] NaturalTextures: log_spruce_top = 4F
[22:47:40] [Client thread/INFO]: [OptiFine] NaturalTextures: log_birch_top = 4F
[22:47:40] [Client thread/INFO]: [OptiFine] NaturalTextures: log_jungle_top = 4F
[22:47:40] [Client thread/INFO]: [OptiFine] NaturalTextures: log_acacia_top = 4F
[22:47:40] [Client thread/INFO]: [OptiFine] NaturalTextures: log_big_oak_top = 4F
[22:47:40] [Client thread/INFO]: [OptiFine] NaturalTextures: leaves_oak = 2F
[22:47:40] [Client thread/INFO]: [OptiFine] NaturalTextures: leaves_spruce = 2F
[22:47:40] [Client thread/INFO]: [OptiFine] NaturalTextures: leaves_birch = 2F
[22:47:40] [Client thread/INFO]: [OptiFine] NaturalTextures: leaves_jungle = 2
[22:47:40] [Client thread/INFO]: [OptiFine] NaturalTextures: leaves_big_oak = 2F
[22:47:40] [Client thread/INFO]: [OptiFine] NaturalTextures: leaves_acacia = 2F
[22:47:40] [Client thread/INFO]: [OptiFine] NaturalTextures: gold_ore = 2F
[22:47:40] [Client thread/INFO]: [OptiFine] NaturalTextures: iron_ore = 2F
[22:47:40] [Client thread/INFO]: [OptiFine] NaturalTextures: coal_ore = 2F
[22:47:40] [Client thread/INFO]: [OptiFine] NaturalTextures: diamond_ore = 2F
[22:47:40] [Client thread/INFO]: [OptiFine] NaturalTextures: redstone_ore = 2F
[22:47:40] [Client thread/INFO]: [OptiFine] NaturalTextures: lapis_ore = 2F
[22:47:40] [Client thread/INFO]: [OptiFine] NaturalTextures: netherrack = 4F
[22:47:40] [Client thread/INFO]: [OptiFine] NaturalTextures: quartz_ore = 2
[22:47:40] [Client thread/INFO]: [OptiFine] NaturalTextures: soul_sand = 4F
[22:47:40] [Client thread/INFO]: [OptiFine] NaturalTextures: glowstone = 4
[22:47:40] [Client thread/INFO]: [OptiFine] NaturalTextures: redstone_lamp_on = 4F
[22:47:40] [Client thread/INFO]: [OptiFine] NaturalTextures: redstone_lamp_off = 4F
[22:47:40] [Client thread/INFO]: [OptiFine] NaturalTextures: prismarine_rough = 4F
[22:47:40] [Client thread/INFO]: [OptiFine] NaturalTextures: obsidian = 4F
[22:47:40] [Client thread/INFO]: [OptiFine] NaturalTextures: cactus_side = 2F
[22:47:40] [Client thread/INFO]: [OptiFine] Enable face culling: acacia_leaves, birch_leaves, dark_oak_leaves, jungle_leaves, oak_leaves, spruce_leaves
